<?xml version="1.0" encoding="UTF-8"?>
<robot generator="Robot 3.2.2 (Python 3.8.5 on win32)" generated="20200918 19:27:34.020" rpa="false">
<suite id="s1" name="TestSitePractice" source="C:\SuiteTestsPractice\tests\TestSitePractice.robot">
<test id="s1-t1" name="Caso de Teste 01: Pesquisar produto existente">
<kw name="Abrir navegador" library="Resource" type="setup">
<kw name="Open Browser" library="SeleniumLibrary">
<doc>Opens a new browser instance to the optional ``url``.</doc>
<arguments>
<arg>about:blank</arg>
<arg>${BROWSER}</arg>
</arguments>
<msg timestamp="20200918 19:27:34.471" level="INFO">Opening browser 'firefox' to base url 'about:blank'.</msg>
<msg timestamp="20200918 19:27:34.475" level="INFO">Firefox driver log is always forced to to: C:\SuiteTestsPractice\results\geckodriver-28.log</msg>
<status status="PASS" starttime="20200918 19:27:34.470" endtime="20200918 19:27:43.799"></status>
</kw>
<status status="PASS" starttime="20200918 19:27:34.469" endtime="20200918 19:27:43.799"></status>
</kw>
<kw name="Acessar página home do site" library="Resource">
<kw name="Go To" library="SeleniumLibrary">
<doc>Navigates the current browser window to the provided ``url``.</doc>
<arguments>
<arg>${URL}</arg>
</arguments>
<msg timestamp="20200918 19:27:43.804" level="INFO">Opening url 'http://automationpractice.com/'</msg>
<status status="PASS" starttime="20200918 19:27:43.804" endtime="20200918 19:28:10.784"></status>
</kw>
<kw name="Wait Until Element Is Visible" library="SeleniumLibrary">
<doc>Waits until the element ``locator`` is visible.</doc>
<arguments>
<arg>xpath=//*[@id="block_top_menu"]/ul</arg>
</arguments>
<status status="PASS" starttime="20200918 19:28:10.785" endtime="20200918 19:28:10.925"></status>
</kw>
<kw name="Title Should Be" library="SeleniumLibrary">
<doc>Verifies that the current page title equals ``title``.</doc>
<arguments>
<arg>My Store</arg>
</arguments>
<msg timestamp="20200918 19:28:10.931" level="INFO">Page title is 'My Store'.</msg>
<status status="PASS" starttime="20200918 19:28:10.926" endtime="20200918 19:28:10.931"></status>
</kw>
<status status="PASS" starttime="20200918 19:27:43.799" endtime="20200918 19:28:10.932"></status>
</kw>
<kw name="Digitar o nome do produto &quot;Blouse&quot; no campo de pesquisa" library="Resource">
<kw name="Input Text" library="SeleniumLibrary">
<doc>Types the given ``text`` into the text field identified by ``locator``.</doc>
<arguments>
<arg>name=search_query</arg>
<arg>${PRODUTO}</arg>
</arguments>
<msg timestamp="20200918 19:28:10.936" level="INFO">Typing text 'Blouse' into text field 'name=search_query'.</msg>
<status status="PASS" starttime="20200918 19:28:10.935" endtime="20200918 19:28:11.025"></status>
</kw>
<status status="PASS" starttime="20200918 19:28:10.934" endtime="20200918 19:28:11.026"></status>
</kw>
<kw name="Clicar no botão pesquisar" library="Resource">
<kw name="Click Element" library="SeleniumLibrary">
<doc>Click the element identified by ``locator``.</doc>
<arguments>
<arg>name=submit_search</arg>
</arguments>
<msg timestamp="20200918 19:28:11.033" level="INFO">Clicking element 'name=submit_search'.</msg>
<status status="PASS" starttime="20200918 19:28:11.033" endtime="20200918 19:28:12.625"></status>
</kw>
<status status="PASS" starttime="20200918 19:28:11.030" endtime="20200918 19:28:12.625"></status>
</kw>
<kw name="Conferir se o produto &quot;Blouse&quot; foi listado no site" library="Resource">
<kw name="Wait Until Element Is Visible" library="SeleniumLibrary">
<doc>Waits until the element ``locator`` is visible.</doc>
<arguments>
<arg>css=#center_column &gt; h1</arg>
</arguments>
<status status="PASS" starttime="20200918 19:28:12.627" endtime="20200918 19:28:12.691"></status>
</kw>
<kw name="Title Should Be" library="SeleniumLibrary">
<doc>Verifies that the current page title equals ``title``.</doc>
<arguments>
<arg>Search - My Store</arg>
</arguments>
<msg timestamp="20200918 19:28:12.696" level="INFO">Page title is 'Search - My Store'.</msg>
<status status="PASS" starttime="20200918 19:28:12.692" endtime="20200918 19:28:12.697"></status>
</kw>
<kw name="Page Should Contain Image" library="SeleniumLibrary">
<doc>Verifies image identified by ``locator`` is found from current page.</doc>
<arguments>
<arg>xpath=//*[@id="center_column"]/ul/li/div/div[1]/div/a[1]/img</arg>
</arguments>
<msg timestamp="20200918 19:28:12.712" level="INFO">Current page contains image 'xpath=//*[@id="center_column"]/ul/li/div/div[1]/div/a[1]/img'.</msg>
<status status="PASS" starttime="20200918 19:28:12.697" endtime="20200918 19:28:12.712"></status>
</kw>
<kw name="Page Should Contain Link" library="SeleniumLibrary">
<doc>Verifies link identified by ``locator`` is found from current page.</doc>
<arguments>
<arg>xpath=//*[@id="center_column"]//a[@class="product-name"]</arg>
</arguments>
<msg timestamp="20200918 19:28:12.728" level="INFO">Current page contains link 'xpath=//*[@id="center_column"]//a[@class="product-name"]'.</msg>
<status status="PASS" starttime="20200918 19:28:12.713" endtime="20200918 19:28:12.728"></status>
</kw>
<status status="PASS" starttime="20200918 19:28:12.626" endtime="20200918 19:28:12.728"></status>
</kw>
<kw name="Fechar navegador" library="Resource" type="teardown">
<kw name="Close Browser" library="SeleniumLibrary">
<doc>Closes the current browser.</doc>
<status status="PASS" starttime="20200918 19:28:12.732" endtime="20200918 19:28:17.403"></status>
</kw>
<status status="PASS" starttime="20200918 19:28:12.730" endtime="20200918 19:28:17.403"></status>
</kw>
<status status="PASS" starttime="20200918 19:27:34.467" endtime="20200918 19:28:17.403" critical="yes"></status>
</test>
<test id="s1-t2" name="Caso de Teste 02: Pesquisar produto não existente">
<kw name="Abrir navegador" library="Resource" type="setup">
<kw name="Open Browser" library="SeleniumLibrary">
<doc>Opens a new browser instance to the optional ``url``.</doc>
<arguments>
<arg>about:blank</arg>
<arg>${BROWSER}</arg>
</arguments>
<msg timestamp="20200918 19:28:17.416" level="INFO">Opening browser 'firefox' to base url 'about:blank'.</msg>
<msg timestamp="20200918 19:28:17.420" level="INFO">Firefox driver log is always forced to to: C:\SuiteTestsPractice\results\geckodriver-29.log</msg>
<status status="PASS" starttime="20200918 19:28:17.415" endtime="20200918 19:28:27.462"></status>
</kw>
<status status="PASS" starttime="20200918 19:28:17.415" endtime="20200918 19:28:27.463"></status>
</kw>
<kw name="Acessar página home do site" library="Resource">
<kw name="Go To" library="SeleniumLibrary">
<doc>Navigates the current browser window to the provided ``url``.</doc>
<arguments>
<arg>${URL}</arg>
</arguments>
<msg timestamp="20200918 19:28:27.466" level="INFO">Opening url 'http://automationpractice.com/'</msg>
<status status="PASS" starttime="20200918 19:28:27.466" endtime="20200918 19:28:32.485"></status>
</kw>
<kw name="Wait Until Element Is Visible" library="SeleniumLibrary">
<doc>Waits until the element ``locator`` is visible.</doc>
<arguments>
<arg>xpath=//*[@id="block_top_menu"]/ul</arg>
</arguments>
<status status="PASS" starttime="20200918 19:28:32.485" endtime="20200918 19:28:32.558"></status>
</kw>
<kw name="Title Should Be" library="SeleniumLibrary">
<doc>Verifies that the current page title equals ``title``.</doc>
<arguments>
<arg>My Store</arg>
</arguments>
<msg timestamp="20200918 19:28:32.563" level="INFO">Page title is 'My Store'.</msg>
<status status="PASS" starttime="20200918 19:28:32.558" endtime="20200918 19:28:32.563"></status>
</kw>
<status status="PASS" starttime="20200918 19:28:27.464" endtime="20200918 19:28:32.563"></status>
</kw>
<kw name="Digitar o nome do produto &quot;ItemNãoExistente&quot; no campo de pesquisa" library="Resource">
<kw name="Input Text" library="SeleniumLibrary">
<doc>Types the given ``text`` into the text field identified by ``locator``.</doc>
<arguments>
<arg>name=search_query</arg>
<arg>${PRODUTO}</arg>
</arguments>
<msg timestamp="20200918 19:28:32.569" level="INFO">Typing text 'ItemNãoExistente' into text field 'name=search_query'.</msg>
<status status="PASS" starttime="20200918 19:28:32.568" endtime="20200918 19:28:32.678"></status>
</kw>
<status status="PASS" starttime="20200918 19:28:32.565" endtime="20200918 19:28:32.679"></status>
</kw>
<kw name="Clicar no botão pesquisar" library="Resource">
<kw name="Click Element" library="SeleniumLibrary">
<doc>Click the element identified by ``locator``.</doc>
<arguments>
<arg>name=submit_search</arg>
</arguments>
<msg timestamp="20200918 19:28:32.689" level="INFO">Clicking element 'name=submit_search'.</msg>
<status status="PASS" starttime="20200918 19:28:32.688" endtime="20200918 19:28:35.023"></status>
</kw>
<status status="PASS" starttime="20200918 19:28:32.687" endtime="20200918 19:28:35.023"></status>
</kw>
<kw name="Conferir mensagem de erro &quot;No results were found for your search &quot;ItemNãoExistente&quot;&quot;" library="Resource">
<kw name="Wait Until Element Is Visible" library="SeleniumLibrary">
<doc>Waits until the element ``locator`` is visible.</doc>
<arguments>
<arg>//*[@id="center_column"]/p[@class='alert alert-warning']</arg>
</arguments>
<status status="PASS" starttime="20200918 19:28:35.025" endtime="20200918 19:28:35.120"></status>
</kw>
<kw name="Element Text Should Be" library="SeleniumLibrary">
<doc>Verifies that element ``locator`` contains exact the text ``expected``.</doc>
<arguments>
<arg>//*[@id="center_column"]/p[@class='alert alert-warning']</arg>
<arg>${MENSAGEM_ALERTA}</arg>
</arguments>
<msg timestamp="20200918 19:28:35.121" level="INFO">Verifying element '//*[@id="center_column"]/p[@class='alert alert-warning']' contains exact text 'No results were found for your search "ItemNãoExistente"'.</msg>
<status status="PASS" starttime="20200918 19:28:35.120" endtime="20200918 19:28:35.157"></status>
</kw>
<status status="PASS" starttime="20200918 19:28:35.024" endtime="20200918 19:28:35.157"></status>
</kw>
<kw name="Fechar navegador" library="Resource" type="teardown">
<kw name="Close Browser" library="SeleniumLibrary">
<doc>Closes the current browser.</doc>
<status status="PASS" starttime="20200918 19:28:35.159" endtime="20200918 19:28:41.361"></status>
</kw>
<status status="PASS" starttime="20200918 19:28:35.158" endtime="20200918 19:28:41.361"></status>
</kw>
<status status="PASS" starttime="20200918 19:28:17.413" endtime="20200918 19:28:41.361" critical="yes"></status>
</test>
<test id="s1-t3" name="Caso de Teste 03: Listar produtos">
<kw name="Abrir navegador" library="Resource" type="setup">
<kw name="Open Browser" library="SeleniumLibrary">
<doc>Opens a new browser instance to the optional ``url``.</doc>
<arguments>
<arg>about:blank</arg>
<arg>${BROWSER}</arg>
</arguments>
<msg timestamp="20200918 19:28:41.366" level="INFO">Opening browser 'firefox' to base url 'about:blank'.</msg>
<msg timestamp="20200918 19:28:41.368" level="INFO">Firefox driver log is always forced to to: C:\SuiteTestsPractice\results\geckodriver-30.log</msg>
<status status="PASS" starttime="20200918 19:28:41.365" endtime="20200918 19:28:51.184"></status>
</kw>
<status status="PASS" starttime="20200918 19:28:41.365" endtime="20200918 19:28:51.184"></status>
</kw>
<kw name="Acessar página home do site" library="Resource">
<kw name="Go To" library="SeleniumLibrary">
<doc>Navigates the current browser window to the provided ``url``.</doc>
<arguments>
<arg>${URL}</arg>
</arguments>
<msg timestamp="20200918 19:28:51.187" level="INFO">Opening url 'http://automationpractice.com/'</msg>
<status status="PASS" starttime="20200918 19:28:51.187" endtime="20200918 19:28:56.647"></status>
</kw>
<kw name="Wait Until Element Is Visible" library="SeleniumLibrary">
<doc>Waits until the element ``locator`` is visible.</doc>
<arguments>
<arg>xpath=//*[@id="block_top_menu"]/ul</arg>
</arguments>
<status status="PASS" starttime="20200918 19:28:56.647" endtime="20200918 19:28:56.808"></status>
</kw>
<kw name="Title Should Be" library="SeleniumLibrary">
<doc>Verifies that the current page title equals ``title``.</doc>
<arguments>
<arg>My Store</arg>
</arguments>
<msg timestamp="20200918 19:28:56.813" level="INFO">Page title is 'My Store'.</msg>
<status status="PASS" starttime="20200918 19:28:56.808" endtime="20200918 19:28:56.813"></status>
</kw>
<status status="PASS" starttime="20200918 19:28:51.186" endtime="20200918 19:28:56.813"></status>
</kw>
<kw name="Passar o mouse por cima da categoria &quot;Women&quot; no menu principal superior de categorias" library="Resource">
<kw name="Mouse Over" library="SeleniumLibrary">
<doc>Simulates hovering the mouse over the element ``locator``.</doc>
<arguments>
<arg>//*[@id="block_top_menu"]/ul/li[1]/a</arg>
</arguments>
<msg timestamp="20200918 19:28:56.816" level="INFO">Simulating Mouse Over on element '//*[@id="block_top_menu"]/ul/li[1]/a'.</msg>
<status status="PASS" starttime="20200918 19:28:56.815" endtime="20200918 19:28:57.121"></status>
</kw>
<status status="PASS" starttime="20200918 19:28:56.814" endtime="20200918 19:28:57.121"></status>
</kw>
<kw name="Clicar na sub categoria &quot;Summer Dresses&quot;" library="Resource">
<kw name="Wait Until Element Is Visible" library="SeleniumLibrary">
<doc>Waits until the element ``locator`` is visible.</doc>
<arguments>
<arg>xpath=//*[@id="block_top_menu"]//a[@title="${SUBCATEGORIA}"]</arg>
</arguments>
<status status="PASS" starttime="20200918 19:28:57.123" endtime="20200918 19:28:57.408"></status>
</kw>
<kw name="Click Element" library="SeleniumLibrary">
<doc>Click the element identified by ``locator``.</doc>
<arguments>
<arg>xpath=//*[@id="block_top_menu"]//a[@title="${SUBCATEGORIA}"]</arg>
</arguments>
<msg timestamp="20200918 19:28:57.409" level="INFO">Clicking element 'xpath=//*[@id="block_top_menu"]//a[@title="Summer Dresses"]'.</msg>
<status status="PASS" starttime="20200918 19:28:57.408" endtime="20200918 19:29:00.349"></status>
</kw>
<status status="PASS" starttime="20200918 19:28:57.122" endtime="20200918 19:29:00.349"></status>
</kw>
<kw name="Fechar navegador" library="Resource" type="teardown">
<kw name="Close Browser" library="SeleniumLibrary">
<doc>Closes the current browser.</doc>
<status status="PASS" starttime="20200918 19:29:00.357" endtime="20200918 19:29:04.788"></status>
</kw>
<status status="PASS" starttime="20200918 19:29:00.349" endtime="20200918 19:29:04.788"></status>
</kw>
<status status="PASS" starttime="20200918 19:28:41.363" endtime="20200918 19:29:04.788" critical="yes"></status>
</test>
<test id="s1-t4" name="Caso de Teste 04: Adicionar e Remover Produtos no Carrinho">
<kw name="Abrir navegador" library="Resource" type="setup">
<kw name="Open Browser" library="SeleniumLibrary">
<doc>Opens a new browser instance to the optional ``url``.</doc>
<arguments>
<arg>about:blank</arg>
<arg>${BROWSER}</arg>
</arguments>
<msg timestamp="20200918 19:29:04.799" level="INFO">Opening browser 'firefox' to base url 'about:blank'.</msg>
<msg timestamp="20200918 19:29:04.803" level="INFO">Firefox driver log is always forced to to: C:\SuiteTestsPractice\results\geckodriver-31.log</msg>
<status status="PASS" starttime="20200918 19:29:04.798" endtime="20200918 19:29:13.812"></status>
</kw>
<status status="PASS" starttime="20200918 19:29:04.797" endtime="20200918 19:29:13.812"></status>
</kw>
<kw name="Acessar a página home do site" library="Resource">
<kw name="Go To" library="SeleniumLibrary">
<doc>Navigates the current browser window to the provided ``url``.</doc>
<arguments>
<arg>${URL}</arg>
</arguments>
<msg timestamp="20200918 19:29:13.815" level="INFO">Opening url 'http://automationpractice.com/'</msg>
<status status="PASS" starttime="20200918 19:29:13.814" endtime="20200918 19:29:19.541"></status>
</kw>
<kw name="Title Should Be" library="SeleniumLibrary">
<doc>Verifies that the current page title equals ``title``.</doc>
<arguments>
<arg>My Store</arg>
</arguments>
<msg timestamp="20200918 19:29:19.546" level="INFO">Page title is 'My Store'.</msg>
<status status="PASS" starttime="20200918 19:29:19.542" endtime="20200918 19:29:19.546"></status>
</kw>
<status status="PASS" starttime="20200918 19:29:13.813" endtime="20200918 19:29:19.546"></status>
</kw>
<kw name="Digitar o nome de produto &quot;T-shirt&quot; no campo de pesquisa" library="Resource">
<kw name="Input Text" library="SeleniumLibrary">
<doc>Types the given ``text`` into the text field identified by ``locator``.</doc>
<arguments>
<arg>name=search_query</arg>
<arg>${TSHIRT}</arg>
</arguments>
<msg timestamp="20200918 19:29:19.549" level="INFO">Typing text 'T-shirt' into text field 'name=search_query'.</msg>
<status status="PASS" starttime="20200918 19:29:19.548" endtime="20200918 19:29:19.631"></status>
</kw>
<status status="PASS" starttime="20200918 19:29:19.547" endtime="20200918 19:29:19.632"></status>
</kw>
<kw name="Clicar no botão de pesquisa" library="Resource">
<kw name="Click Element" library="SeleniumLibrary">
<doc>Click the element identified by ``locator``.</doc>
<arguments>
<arg>name=submit_search</arg>
</arguments>
<msg timestamp="20200918 19:29:19.635" level="INFO">Clicking element 'name=submit_search'.</msg>
<status status="PASS" starttime="20200918 19:29:19.634" endtime="20200918 19:29:20.909"></status>
</kw>
<status status="PASS" starttime="20200918 19:29:19.633" endtime="20200918 19:29:20.909"></status>
</kw>
<kw name="Clicar no botão &quot;Add to cart&quot; do produto" library="Resource">
<kw name="Mouse Over" library="SeleniumLibrary">
<doc>Simulates hovering the mouse over the element ``locator``.</doc>
<arguments>
<arg>//*[@id="center_column"]/ul/li/div/div[1]</arg>
</arguments>
<msg timestamp="20200918 19:29:20.912" level="INFO">Simulating Mouse Over on element '//*[@id="center_column"]/ul/li/div/div[1]'.</msg>
<status status="PASS" starttime="20200918 19:29:20.911" endtime="20200918 19:29:21.241"></status>
</kw>
<kw name="Wait Until Element Is Visible" library="SeleniumLibrary">
<doc>Waits until the element ``locator`` is visible.</doc>
<arguments>
<arg>//*[@id="center_column"]/ul/li/div/div[2]/div[2]</arg>
</arguments>
<status status="PASS" starttime="20200918 19:29:21.241" endtime="20200918 19:29:21.288"></status>
</kw>
<kw name="Click Element" library="SeleniumLibrary">
<doc>Click the element identified by ``locator``.</doc>
<arguments>
<arg>//*[@id="center_column"]/ul/li/div/div[2]/div[2]</arg>
</arguments>
<msg timestamp="20200918 19:29:21.289" level="INFO">Clicking element '//*[@id="center_column"]/ul/li/div/div[2]/div[2]'.</msg>
<status status="PASS" starttime="20200918 19:29:21.288" endtime="20200918 19:29:21.547"></status>
</kw>
<status status="PASS" starttime="20200918 19:29:20.910" endtime="20200918 19:29:21.547"></status>
</kw>
<kw name="Clicar no botão &quot;Proceed to checkout&quot;" library="Resource">
<kw name="Wait Until Element Is Visible" library="SeleniumLibrary">
<doc>Waits until the element ``locator`` is visible.</doc>
<arguments>
<arg>//*[@id="layer_cart"]/div[1]/div[2]</arg>
</arguments>
<status status="PASS" starttime="20200918 19:29:21.549" endtime="20200918 19:29:22.303"></status>
</kw>
<kw name="Click Element" library="SeleniumLibrary">
<doc>Click the element identified by ``locator``.</doc>
<arguments>
<arg>//*[@id="layer_cart"]/div[1]/div[2]/div[4]/a</arg>
</arguments>
<msg timestamp="20200918 19:29:22.304" level="INFO">Clicking element '//*[@id="layer_cart"]/div[1]/div[2]/div[4]/a'.</msg>
<status status="PASS" starttime="20200918 19:29:22.304" endtime="20200918 19:29:23.797"></status>
</kw>
<status status="PASS" starttime="20200918 19:29:21.548" endtime="20200918 19:29:23.797"></status>
</kw>
<kw name="Clicar no ícone carrinho de compras no menu superior direito" library="Resource">
<kw name="Click Element" library="SeleniumLibrary">
<doc>Click the element identified by ``locator``.</doc>
<arguments>
<arg>//*[@id="header"]/div[3]/div/div/div[3]/div/a</arg>
</arguments>
<msg timestamp="20200918 19:29:23.803" level="INFO">Clicking element '//*[@id="header"]/div[3]/div/div/div[3]/div/a'.</msg>
<status status="PASS" starttime="20200918 19:29:23.797" endtime="20200918 19:29:24.994"></status>
</kw>
<status status="PASS" starttime="20200918 19:29:23.797" endtime="20200918 19:29:24.994"></status>
</kw>
<kw name="Excluir produto do carrinho" library="Resource">
<kw name="Click Element" library="SeleniumLibrary">
<doc>Click the element identified by ``locator``.</doc>
<arguments>
<arg>xpath=//*[@class="cart_quantity_delete"]</arg>
</arguments>
<msg timestamp="20200918 19:29:24.996" level="INFO">Clicking element 'xpath=//*[@class="cart_quantity_delete"]'.</msg>
<status status="PASS" starttime="20200918 19:29:24.996" endtime="20200918 19:29:25.294"></status>
</kw>
<status status="PASS" starttime="20200918 19:29:24.995" endtime="20200918 19:29:25.295"></status>
</kw>
<kw name="Fechar navegador" library="Resource" type="teardown">
<kw name="Close Browser" library="SeleniumLibrary">
<doc>Closes the current browser.</doc>
<status status="PASS" starttime="20200918 19:29:25.297" endtime="20200918 19:29:28.895"></status>
</kw>
<status status="PASS" starttime="20200918 19:29:25.296" endtime="20200918 19:29:28.895"></status>
</kw>
<status status="PASS" starttime="20200918 19:29:04.796" endtime="20200918 19:29:28.895" critical="yes"></status>
</test>
<test id="s1-t5" name="Caso de Teste 05: Adicionar Cliente">
<kw name="Abrir navegador" library="Resource" type="setup">
<kw name="Open Browser" library="SeleniumLibrary">
<doc>Opens a new browser instance to the optional ``url``.</doc>
<arguments>
<arg>about:blank</arg>
<arg>${BROWSER}</arg>
</arguments>
<msg timestamp="20200918 19:29:28.902" level="INFO">Opening browser 'firefox' to base url 'about:blank'.</msg>
<msg timestamp="20200918 19:29:28.906" level="INFO">Firefox driver log is always forced to to: C:\SuiteTestsPractice\results\geckodriver-32.log</msg>
<status status="PASS" starttime="20200918 19:29:28.901" endtime="20200918 19:29:38.247"></status>
</kw>
<status status="PASS" starttime="20200918 19:29:28.900" endtime="20200918 19:29:38.248"></status>
</kw>
<kw name="Acessar página home do site" library="Resource">
<kw name="Go To" library="SeleniumLibrary">
<doc>Navigates the current browser window to the provided ``url``.</doc>
<arguments>
<arg>${URL}</arg>
</arguments>
<msg timestamp="20200918 19:29:38.250" level="INFO">Opening url 'http://automationpractice.com/'</msg>
<status status="PASS" starttime="20200918 19:29:38.250" endtime="20200918 19:29:43.340"></status>
</kw>
<kw name="Wait Until Element Is Visible" library="SeleniumLibrary">
<doc>Waits until the element ``locator`` is visible.</doc>
<arguments>
<arg>xpath=//*[@id="block_top_menu"]/ul</arg>
</arguments>
<status status="PASS" starttime="20200918 19:29:43.340" endtime="20200918 19:29:43.391"></status>
</kw>
<kw name="Title Should Be" library="SeleniumLibrary">
<doc>Verifies that the current page title equals ``title``.</doc>
<arguments>
<arg>My Store</arg>
</arguments>
<msg timestamp="20200918 19:29:43.396" level="INFO">Page title is 'My Store'.</msg>
<status status="PASS" starttime="20200918 19:29:43.391" endtime="20200918 19:29:43.396"></status>
</kw>
<status status="PASS" starttime="20200918 19:29:38.249" endtime="20200918 19:29:43.396"></status>
</kw>
<kw name="Clicar no botão superior direito &quot;Sign In&quot;" library="Resource">
<kw name="Click Element" library="SeleniumLibrary">
<doc>Click the element identified by ``locator``.</doc>
<arguments>
<arg>//*[@id="header"]/div[2]/div/div/nav/div[1]/a</arg>
</arguments>
<msg timestamp="20200918 19:29:43.399" level="INFO">Clicking element '//*[@id="header"]/div[2]/div/div/nav/div[1]/a'.</msg>
<status status="PASS" starttime="20200918 19:29:43.399" endtime="20200918 19:29:45.557"></status>
</kw>
<status status="PASS" starttime="20200918 19:29:43.397" endtime="20200918 19:29:45.560"></status>
</kw>
<kw name="Inserir um e-mail válido" library="Resource">
<kw name="Wait Until Element Is Visible" library="SeleniumLibrary">
<doc>Waits until the element ``locator`` is visible.</doc>
<arguments>
<arg>//*[@id="create-account_form"]</arg>
</arguments>
<status status="PASS" starttime="20200918 19:29:45.561" endtime="20200918 19:29:45.647"></status>
</kw>
<kw name="Generate Random String" library="String">
<doc>Generates a string with a desired ``length`` from the given ``chars``.</doc>
<assign>
<var>${EMAIL}</var>
</assign>
<msg timestamp="20200918 19:29:45.648" level="INFO">${EMAIL} = O6YgUTxm</msg>
<status status="PASS" starttime="20200918 19:29:45.648" endtime="20200918 19:29:45.648"></status>
</kw>
<kw name="Input Text" library="SeleniumLibrary">
<doc>Types the given ``text`` into the text field identified by ``locator``.</doc>
<arguments>
<arg>id=email_create</arg>
<arg>${EMAIL}@testerobot.com</arg>
</arguments>
<msg timestamp="20200918 19:29:45.649" level="INFO">Typing text 'O6YgUTxm@testerobot.com' into text field 'id=email_create'.</msg>
<status status="PASS" starttime="20200918 19:29:45.648" endtime="20200918 19:29:45.782"></status>
</kw>
<status status="PASS" starttime="20200918 19:29:45.560" endtime="20200918 19:29:45.782"></status>
</kw>
<kw name="Clicar no botão &quot;Create na account&quot;" library="Resource">
<kw name="Click Button" library="SeleniumLibrary">
<doc>Clicks the button identified by ``locator``.</doc>
<arguments>
<arg>//*[@id="SubmitCreate"]</arg>
</arguments>
<msg timestamp="20200918 19:29:45.787" level="INFO">Clicking button '//*[@id="SubmitCreate"]'.</msg>
<status status="PASS" starttime="20200918 19:29:45.786" endtime="20200918 19:29:46.097"></status>
</kw>
<status status="PASS" starttime="20200918 19:29:45.785" endtime="20200918 19:29:46.097"></status>
</kw>
<kw name="Preencher os campos obrigatórios" library="Resource">
<kw name="Wait Until Element Is Visible" library="SeleniumLibrary">
<doc>Waits until the element ``locator`` is visible.</doc>
<arguments>
<arg>xpath=//*[@id="account-creation_form"]//h3[contains(text(),"Your personal information")]</arg>
</arguments>
<status status="PASS" starttime="20200918 19:29:46.099" endtime="20200918 19:29:47.814"></status>
</kw>
<kw name="Click Element" library="SeleniumLibrary">
<doc>Click the element identified by ``locator``.</doc>
<arguments>
<arg>id=id_gender2</arg>
</arguments>
<msg timestamp="20200918 19:29:47.815" level="INFO">Clicking element 'id=id_gender2'.</msg>
<status status="PASS" starttime="20200918 19:29:47.814" endtime="20200918 19:29:48.063"></status>
</kw>
<kw name="Input Text" library="SeleniumLibrary">
<doc>Types the given ``text`` into the text field identified by ``locator``.</doc>
<arguments>
<arg>//*[@id="customer_firstname"]</arg>
<arg>Maria</arg>
</arguments>
<msg timestamp="20200918 19:29:48.064" level="INFO">Typing text 'Maria' into text field '//*[@id="customer_firstname"]'.</msg>
<status status="PASS" starttime="20200918 19:29:48.064" endtime="20200918 19:29:48.121"></status>
</kw>
<kw name="Input Text" library="SeleniumLibrary">
<doc>Types the given ``text`` into the text field identified by ``locator``.</doc>
<arguments>
<arg>//*[@id="customer_lastname"]</arg>
<arg>Souza</arg>
</arguments>
<msg timestamp="20200918 19:29:48.122" level="INFO">Typing text 'Souza' into text field '//*[@id="customer_lastname"]'.</msg>
<status status="PASS" starttime="20200918 19:29:48.121" endtime="20200918 19:29:48.182"></status>
</kw>
<kw name="Input Text" library="SeleniumLibrary">
<doc>Types the given ``text`` into the text field identified by ``locator``.</doc>
<arguments>
<arg>//*[@id="email"]</arg>
<arg>mariasouza@gmail.com</arg>
</arguments>
<msg timestamp="20200918 19:29:48.183" level="INFO">Typing text 'mariasouza@gmail.com' into text field '//*[@id="email"]'.</msg>
<status status="PASS" starttime="20200918 19:29:48.182" endtime="20200918 19:29:48.288"></status>
</kw>
<kw name="Input Password" library="SeleniumLibrary">
<doc>Types the given password into the text field identified by ``locator``.</doc>
<arguments>
<arg>//*[@id="passwd"]</arg>
<arg>Teste12345!</arg>
</arguments>
<msg timestamp="20200918 19:29:48.289" level="INFO">Typing password into text field '//*[@id="passwd"]'.</msg>
<msg timestamp="20200918 19:29:48.304" level="INFO">Temporally setting log level to: NONE</msg>
<msg timestamp="20200918 19:29:48.356" level="INFO">Log level changed from NONE to INFO.</msg>
<status status="PASS" starttime="20200918 19:29:48.288" endtime="20200918 19:29:48.356"></status>
</kw>
<kw name="Select From List By Value" library="SeleniumLibrary">
<doc>Selects options from selection list ``locator`` by ``values``.</doc>
<arguments>
<arg>//*[@id="days"]</arg>
<arg>12</arg>
</arguments>
<msg timestamp="20200918 19:29:48.356" level="INFO">Selecting options from selection list '//*[@id="days"]' by value 12.</msg>
<status status="PASS" starttime="20200918 19:29:48.356" endtime="20200918 19:29:48.831"></status>
</kw>
<kw name="Select From List By Value" library="SeleniumLibrary">
<doc>Selects options from selection list ``locator`` by ``values``.</doc>
<arguments>
<arg>//*[@id="months"]</arg>
<arg>4</arg>
</arguments>
<msg timestamp="20200918 19:29:48.832" level="INFO">Selecting options from selection list '//*[@id="months"]' by value 4.</msg>
<status status="PASS" starttime="20200918 19:29:48.831" endtime="20200918 19:29:49.135"></status>
</kw>
<kw name="Select From List By Value" library="SeleniumLibrary">
<doc>Selects options from selection list ``locator`` by ``values``.</doc>
<arguments>
<arg>//*[@id="years"]</arg>
<arg>1994</arg>
</arguments>
<msg timestamp="20200918 19:29:49.136" level="INFO">Selecting options from selection list '//*[@id="years"]' by value 1994.</msg>
<status status="PASS" starttime="20200918 19:29:49.136" endtime="20200918 19:29:49.421"></status>
</kw>
<kw name="Select Checkbox" library="SeleniumLibrary">
<doc>Selects the checkbox identified by ``locator``.</doc>
<arguments>
<arg>//*[@id="newsletter"]</arg>
</arguments>
<msg timestamp="20200918 19:29:49.421" level="INFO">Selecting checkbox '//*[@id="newsletter"]'.</msg>
<status status="PASS" starttime="20200918 19:29:49.421" endtime="20200918 19:29:49.683"></status>
</kw>
<kw name="Select Checkbox" library="SeleniumLibrary">
<doc>Selects the checkbox identified by ``locator``.</doc>
<arguments>
<arg>//*[@id="optin"]</arg>
</arguments>
<msg timestamp="20200918 19:29:49.684" level="INFO">Selecting checkbox '//*[@id="optin"]'.</msg>
<status status="PASS" starttime="20200918 19:29:49.683" endtime="20200918 19:29:49.954"></status>
</kw>
<kw name="Input Text" library="SeleniumLibrary">
<doc>Types the given ``text`` into the text field identified by ``locator``.</doc>
<arguments>
<arg>//*[@id="firstname"]</arg>
<arg>Maria</arg>
</arguments>
<msg timestamp="20200918 19:29:49.954" level="INFO">Typing text 'Maria' into text field '//*[@id="firstname"]'.</msg>
<status status="PASS" starttime="20200918 19:29:49.954" endtime="20200918 19:29:49.995"></status>
</kw>
<kw name="Input Text" library="SeleniumLibrary">
<doc>Types the given ``text`` into the text field identified by ``locator``.</doc>
<arguments>
<arg>//*[@id="lastname"]</arg>
<arg>Souza</arg>
</arguments>
<msg timestamp="20200918 19:29:49.995" level="INFO">Typing text 'Souza' into text field '//*[@id="lastname"]'.</msg>
<status status="PASS" starttime="20200918 19:29:49.995" endtime="20200918 19:29:50.045"></status>
</kw>
<kw name="Input Text" library="SeleniumLibrary">
<doc>Types the given ``text`` into the text field identified by ``locator``.</doc>
<arguments>
<arg>//*[@id="address1"]</arg>
<arg>Lake Buena Vista</arg>
</arguments>
<msg timestamp="20200918 19:29:50.045" level="INFO">Typing text 'Lake Buena Vista' into text field '//*[@id="address1"]'.</msg>
<status status="PASS" starttime="20200918 19:29:50.045" endtime="20200918 19:29:50.126"></status>
</kw>
<kw name="Input Text" library="SeleniumLibrary">
<doc>Types the given ``text`` into the text field identified by ``locator``.</doc>
<arguments>
<arg>//*[@id="city"]</arg>
<arg>Orlando</arg>
</arguments>
<msg timestamp="20200918 19:29:50.128" level="INFO">Typing text 'Orlando' into text field '//*[@id="city"]'.</msg>
<status status="PASS" starttime="20200918 19:29:50.127" endtime="20200918 19:29:50.172"></status>
</kw>
<kw name="Select From List By Value" library="SeleniumLibrary">
<doc>Selects options from selection list ``locator`` by ``values``.</doc>
<arguments>
<arg>//*[@id="id_state"]</arg>
<arg>9</arg>
</arguments>
<msg timestamp="20200918 19:29:50.173" level="INFO">Selecting options from selection list '//*[@id="id_state"]' by value 9.</msg>
<status status="PASS" starttime="20200918 19:29:50.173" endtime="20200918 19:29:50.489"></status>
</kw>
<kw name="Input Text" library="SeleniumLibrary">
<doc>Types the given ``text`` into the text field identified by ``locator``.</doc>
<arguments>
<arg>//*[@id="postcode"]</arg>
<arg>32830</arg>
</arguments>
<msg timestamp="20200918 19:29:50.489" level="INFO">Typing text '32830' into text field '//*[@id="postcode"]'.</msg>
<status status="PASS" starttime="20200918 19:29:50.489" endtime="20200918 19:29:50.529"></status>
</kw>
<kw name="Input Text" library="SeleniumLibrary">
<doc>Types the given ``text`` into the text field identified by ``locator``.</doc>
<arguments>
<arg>//*[@id="phone_mobile"]</arg>
<arg>333444555</arg>
</arguments>
<msg timestamp="20200918 19:29:50.529" level="INFO">Typing text '333444555' into text field '//*[@id="phone_mobile"]'.</msg>
<status status="PASS" starttime="20200918 19:29:50.529" endtime="20200918 19:29:50.589"></status>
</kw>
<kw name="Input Text" library="SeleniumLibrary">
<doc>Types the given ``text`` into the text field identified by ``locator``.</doc>
<arguments>
<arg>//*[@id="alias"]</arg>
<arg>Disney</arg>
</arguments>
<msg timestamp="20200918 19:29:50.589" level="INFO">Typing text 'Disney' into text field '//*[@id="alias"]'.</msg>
<status status="PASS" starttime="20200918 19:29:50.589" endtime="20200918 19:29:50.650"></status>
</kw>
<status status="PASS" starttime="20200918 19:29:46.098" endtime="20200918 19:29:50.658"></status>
</kw>
<kw name="Clicar em &quot;Register&quot; para finalizar o cadastro" library="Resource">
<kw name="Submit Form" library="SeleniumLibrary">
<doc>Submits a form identified by ``locator``.</doc>
<msg timestamp="20200918 19:29:50.661" level="INFO">Submitting form 'None'.</msg>
<status status="PASS" starttime="20200918 19:29:50.660" endtime="20200918 19:29:50.729"></status>
</kw>
<status status="PASS" starttime="20200918 19:29:50.658" endtime="20200918 19:29:50.730"></status>
</kw>
<kw name="Fechar navegador" library="Resource" type="teardown">
<kw name="Close Browser" library="SeleniumLibrary">
<doc>Closes the current browser.</doc>
<status status="PASS" starttime="20200918 19:29:50.732" endtime="20200918 19:29:54.474"></status>
</kw>
<status status="PASS" starttime="20200918 19:29:50.731" endtime="20200918 19:29:54.474"></status>
</kw>
<status status="PASS" starttime="20200918 19:29:28.899" endtime="20200918 19:29:54.474" critical="yes"></status>
</test>
<status status="PASS" starttime="20200918 19:27:34.020" endtime="20200918 19:29:54.488"></status>
</suite>
<statistics>
<total>
<stat pass="5" fail="0">Critical Tests</stat>
<stat pass="5" fail="0">All Tests</stat>
</total>
<tag>
</tag>
<suite>
<stat pass="5" fail="0" id="s1" name="TestSitePractice">TestSitePractice</stat>
</suite>
</statistics>
<errors>
</errors>
</robot>
