<?xml version="1.0" encoding="UTF-8"?>
<robot generator="Robot 3.2.2 (Python 3.8.5 on win32)" generated="20200918 16:02:35.075" rpa="false">
<suite id="s1" name="Tests" source="C:\Projetos\SuiteSiteTestPractice\tests">
<suite id="s1-s1" name="TestSitePractice" source="C:\Projetos\SuiteSiteTestPractice\tests\TestSitePractice.robot">
<test id="s1-s1-t1" name="Caso de Teste 04: Adicionar Produtos no Carrinho">
<kw name="Abrir navegador" library="Resource" type="setup">
<kw name="Open Browser" library="SeleniumLibrary">
<doc>Opens a new browser instance to the optional ``url``.</doc>
<arguments>
<arg>about:blank</arg>
<arg>${BROWSER}</arg>
</arguments>
<msg timestamp="20200918 16:02:35.464" level="INFO">Opening browser 'firefox' to base url 'about:blank'.</msg>
<msg timestamp="20200918 16:02:35.573" level="INFO">Firefox driver log is always forced to to: C:\Projetos\SuiteSiteTestPractice\geckodriver-94.log</msg>
<status status="PASS" starttime="20200918 16:02:35.463" endtime="20200918 16:02:53.664"></status>
</kw>
<status status="PASS" starttime="20200918 16:02:35.463" endtime="20200918 16:02:53.665"></status>
</kw>
<kw name="Acessar a página home do site" library="Resource">
<kw name="Go To" library="SeleniumLibrary">
<doc>Navigates the current browser window to the provided ``url``.</doc>
<arguments>
<arg>${URL}</arg>
</arguments>
<msg timestamp="20200918 16:02:53.669" level="INFO">Opening url 'http://automationpractice.com/'</msg>
<status status="PASS" starttime="20200918 16:02:53.668" endtime="20200918 16:02:58.729"></status>
</kw>
<kw name="Title Should Be" library="SeleniumLibrary">
<doc>Verifies that the current page title equals ``title``.</doc>
<arguments>
<arg>My Store</arg>
</arguments>
<msg timestamp="20200918 16:02:58.733" level="INFO">Page title is 'My Store'.</msg>
<status status="PASS" starttime="20200918 16:02:58.730" endtime="20200918 16:02:58.733"></status>
</kw>
<status status="PASS" starttime="20200918 16:02:53.666" endtime="20200918 16:02:58.733"></status>
</kw>
<kw name="Digitar o nome de produto &quot;T-shirt&quot; no campo de pesquisa" library="Resource">
<kw name="Input Text" library="SeleniumLibrary">
<doc>Types the given ``text`` into the text field identified by ``locator``.</doc>
<arguments>
<arg>name=search_query</arg>
<arg>${TSHIRT}</arg>
</arguments>
<msg timestamp="20200918 16:02:58.736" level="INFO">Typing text 'T-shirt' into text field 'name=search_query'.</msg>
<status status="PASS" starttime="20200918 16:02:58.735" endtime="20200918 16:02:58.808"></status>
</kw>
<status status="PASS" starttime="20200918 16:02:58.734" endtime="20200918 16:02:58.809"></status>
</kw>
<kw name="Clicar no botão de pesquisa" library="Resource">
<kw name="Click Element" library="SeleniumLibrary">
<doc>Click the element identified by ``locator``.</doc>
<arguments>
<arg>name=submit_search</arg>
</arguments>
<msg timestamp="20200918 16:02:58.811" level="INFO">Clicking element 'name=submit_search'.</msg>
<status status="PASS" starttime="20200918 16:02:58.811" endtime="20200918 16:03:00.476"></status>
</kw>
<status status="PASS" starttime="20200918 16:02:58.810" endtime="20200918 16:03:00.477"></status>
</kw>
<kw name="Clicar no botão &quot;Add to cart&quot; do produto" library="Resource">
<kw name="Mouse Over" library="SeleniumLibrary">
<doc>Simulates hovering the mouse over the element ``locator``.</doc>
<arguments>
<arg>//*[@id="center_column"]/ul/li/div/div[1]</arg>
</arguments>
<msg timestamp="20200918 16:03:00.479" level="INFO">Simulating Mouse Over on element '//*[@id="center_column"]/ul/li/div/div[1]'.</msg>
<status status="PASS" starttime="20200918 16:03:00.479" endtime="20200918 16:03:00.809"></status>
</kw>
<kw name="Wait Until Element Is Visible" library="SeleniumLibrary">
<doc>Waits until the element ``locator`` is visible.</doc>
<arguments>
<arg>//*[@id="center_column"]/ul/li/div/div[2]/div[2]</arg>
</arguments>
<status status="PASS" starttime="20200918 16:03:00.810" endtime="20200918 16:03:00.840"></status>
</kw>
<kw name="Click Element" library="SeleniumLibrary">
<doc>Click the element identified by ``locator``.</doc>
<arguments>
<arg>//*[@id="center_column"]/ul/li/div/div[2]/div[2]</arg>
</arguments>
<msg timestamp="20200918 16:03:00.841" level="INFO">Clicking element '//*[@id="center_column"]/ul/li/div/div[2]/div[2]'.</msg>
<status status="PASS" starttime="20200918 16:03:00.841" endtime="20200918 16:03:01.080"></status>
</kw>
<status status="PASS" starttime="20200918 16:03:00.478" endtime="20200918 16:03:01.080"></status>
</kw>
<kw name="Clicar no botão &quot;Proceed to checkout&quot;" library="Resource">
<kw name="Wait Until Element Is Visible" library="SeleniumLibrary">
<doc>Waits until the element ``locator`` is visible.</doc>
<arguments>
<arg>//*[@id="layer_cart"]/div[1]/div[2]</arg>
</arguments>
<status status="PASS" starttime="20200918 16:03:01.082" endtime="20200918 16:03:01.612"></status>
</kw>
<kw name="Click Element" library="SeleniumLibrary">
<doc>Click the element identified by ``locator``.</doc>
<arguments>
<arg>//*[@id="layer_cart"]/div[1]/div[2]/div[4]/a</arg>
</arguments>
<msg timestamp="20200918 16:03:01.612" level="INFO">Clicking element '//*[@id="layer_cart"]/div[1]/div[2]/div[4]/a'.</msg>
<status status="PASS" starttime="20200918 16:03:01.612" endtime="20200918 16:03:02.969"></status>
</kw>
<status status="PASS" starttime="20200918 16:03:01.081" endtime="20200918 16:03:02.969"></status>
</kw>
<kw name="Clicar no ícone carrinho de compras no menu superior direito" library="Resource">
<kw name="Click Element" library="SeleniumLibrary">
<doc>Click the element identified by ``locator``.</doc>
<arguments>
<arg>//*[@id="header"]/div[3]/div/div/div[3]/div/a</arg>
</arguments>
<msg timestamp="20200918 16:03:02.975" level="INFO">Clicking element '//*[@id="header"]/div[3]/div/div/div[3]/div/a'.</msg>
<status status="PASS" starttime="20200918 16:03:02.974" endtime="20200918 16:03:04.530"></status>
</kw>
<status status="PASS" starttime="20200918 16:03:02.973" endtime="20200918 16:03:04.530"></status>
</kw>
<kw name="Excluir produto do carrinho" library="Resource">
<kw name="Click Element" library="SeleniumLibrary">
<doc>Click the element identified by ``locator``.</doc>
<arguments>
<arg>xpath=//*[@class="cart_quantity_delete"]</arg>
</arguments>
<msg timestamp="20200918 16:03:04.533" level="INFO">Clicking element 'xpath=//*[@class="cart_quantity_delete"]'.</msg>
<status status="PASS" starttime="20200918 16:03:04.532" endtime="20200918 16:03:04.836"></status>
</kw>
<status status="PASS" starttime="20200918 16:03:04.531" endtime="20200918 16:03:04.836"></status>
</kw>
<kw name="Fechar navegador" library="Resource" type="teardown">
<kw name="Close Browser" library="SeleniumLibrary">
<doc>Closes the current browser.</doc>
<status status="PASS" starttime="20200918 16:03:04.841" endtime="20200918 16:03:14.296"></status>
</kw>
<status status="PASS" starttime="20200918 16:03:04.840" endtime="20200918 16:03:14.296"></status>
</kw>
<status status="PASS" starttime="20200918 16:02:35.461" endtime="20200918 16:03:14.297" critical="yes"></status>
</test>
<status status="PASS" starttime="20200918 16:02:35.118" endtime="20200918 16:03:14.300"></status>
</suite>
<status status="PASS" starttime="20200918 16:02:35.078" endtime="20200918 16:03:14.304"></status>
</suite>
<statistics>
<total>
<stat pass="1" fail="0">Critical Tests</stat>
<stat pass="1" fail="0">All Tests</stat>
</total>
<tag>
</tag>
<suite>
<stat pass="1" fail="0" id="s1" name="Tests">Tests</stat>
<stat pass="1" fail="0" id="s1-s1" name="TestSitePractice">Tests.TestSitePractice</stat>
</suite>
</statistics>
<errors>
</errors>
</robot>
